# JRE version: Java(TM) SE Runtime Environment (21.0.10+8) (build 21.0.10+8-LTS-217)
# Java VM: Java HotSpot(TM) 64-Bit Server VM (21.0.10+8-LTS-217, mixed mode, sharing, tiered, compressed oops, compressed class ptrs, g1 gc, windows-amd64)
GC Precious Log:
 CardTable entry size: 512
 Card Set container configuration: InlinePtr #cards 5 size 8 Array Of Cards #cards 12 size 40 Howl #buckets 4 coarsen threshold 1843 Howl Bitmap #cards 512 size 80 coarsen threshold 460 Card regions per heap region 1 cards per card region 2048
 CPUs: 32 total, 32 available
 Memory: 98182M
 Large Page Support: Disabled
 NUMA Support: Disabled
 Compressed Oops: Enabled (32-bit)
 Heap Region Size: 1M
 Heap Min Capacity: 256M
 Heap Initial Capacity: 256M
 Heap Max Capacity: 256M
 Pre-touch: Disabled
 Parallel Workers: 23
 Concurrent Workers: 6
 Concurrent Refinement Workers: 23
 Periodic GC: Disabled
Heap:
 garbage-first heap   total 262144K, used 69383K [0x00000000f0000000, 0x0000000100000000)
  region size 1024K, 27 young (27648K), 11 survivors (11264K)
 Metaspace       used 57251K, committed 61184K, reserved 393216K
  class space    used 8081K, committed 9472K, reserved 327680K
GC Heap History (20 events):
Event: 0.687 GC heap before
{Heap before GC invocations=0 (full 0):
 garbage-first heap   total 262144K, used 26624K [0x00000000f0000000, 0x0000000100000000)
  region size 1024K, 23 young (23552K), 0 survivors (0K)
 Metaspace       used 1801K, committed 1920K, reserved 393216K
  class space    used 166K, committed 256K, reserved 327680K
}
Event: 0.691 GC heap after
{Heap after GC invocations=1 (full 0):
 garbage-first heap   total 262144K, used 10485K [0x00000000f0000000, 0x0000000100000000)
  region size 1024K, 3 young (3072K), 3 survivors (3072K)
 Metaspace       used 1801K, committed 1920K, reserved 393216K
  class space    used 166K, committed 256K, reserved 327680K
}
Event: 1.301 GC heap before
{Heap before GC invocations=1 (full 0):
 garbage-first heap   total 262144K, used 39157K [0x00000000f0000000, 0x0000000100000000)
  region size 1024K, 31 young (31744K), 3 survivors (3072K)
 Metaspace       used 4274K, committed 4544K, reserved 393216K
  class space    used 512K, committed 640K, reserved 327680K
}
Event: 1.304 GC heap after
{Heap after GC invocations=2 (full 0):
 garbage-first heap   total 262144K, used 12198K [0x00000000f0000000, 0x0000000100000000)
  region size 1024K, 2 young (2048K), 2 survivors (2048K)
 Metaspace       used 4274K, committed 4544K, reserved 393216K
  class space    used 512K, committed 640K, reserved 327680K
}
Event: 4.057 GC heap before
{Heap before GC invocations=2 (full 0):
 garbage-first heap   total 262144K, used 132006K [0x00000000f0000000, 0x0000000100000000)
  region size 1024K, 119 young (121856K), 2 survivors (2048K)
 Metaspace       used 20858K, committed 21504K, reserved 393216K
  class space    used 2957K, committed 3264K, reserved 327680K
}
Event: 4.069 GC heap after
{Heap after GC invocations=3 (full 0):
 garbage-first heap   total 262144K, used 24341K [0x00000000f0000000, 0x0000000100000000)
  region size 1024K, 13 young (13312K), 13 survivors (13312K)
 Metaspace       used 20858K, committed 21504K, reserved 393216K
  class space    used 2957K, committed 3264K, reserved 327680K
}
Event: 23.384 GC heap before
{Heap before GC invocations=4 (full 0):
 garbage-first heap   total 262144K, used 129813K [0x00000000f0000000, 0x0000000100000000)
  region size 1024K, 118 young (120832K), 13 survivors (13312K)
 Metaspace       used 34763K, committed 35968K, reserved 393216K
  class space    used 4892K, committed 5504K, reserved 327680K
}
Event: 23.397 GC heap after
{Heap after GC invocations=5 (full 0):
 garbage-first heap   total 262144K, used 32579K [0x00000000f0000000, 0x0000000100000000)
  region size 1024K, 9 young (9216K), 9 survivors (9216K)
 Metaspace       used 34763K, committed 35968K, reserved 393216K
  class space    used 4892K, committed 5504K, reserved 327680K
}
Event: 23.559 GC heap before
{Heap before GC invocations=5 (full 0):
 garbage-first heap   total 262144K, used 34627K [0x00000000f0000000, 0x0000000100000000)
  region size 1024K, 12 young (12288K), 9 survivors (9216K)
 Metaspace       used 35090K, committed 36288K, reserved 393216K
  class space    used 4956K, committed 5568K, reserved 327680K
}
Event: 23.565 GC heap after
{Heap after GC invocations=6 (full 0):
 garbage-first heap   total 262144K, used 33159K [0x00000000f0000000, 0x0000000100000000)
  region size 1024K, 8 young (8192K), 8 survivors (8192K)
 Metaspace       used 35090K, committed 36288K, reserved 393216K
  class space    used 4956K, committed 5568K, reserved 327680K
}
Event: 23.682 GC heap before
{Heap before GC invocations=6 (full 0):
 garbage-first heap   total 262144K, used 35207K [0x00000000f0000000, 0x0000000100000000)
  region size 1024K, 11 young (11264K), 8 survivors (8192K)
 Metaspace       used 35394K, committed 36608K, reserved 393216K
  class space    used 5004K, committed 5632K, reserved 327680K
}
Event: 23.688 GC heap after
{Heap after GC invocations=7 (full 0):
 garbage-first heap   total 262144K, used 33243K [0x00000000f0000000, 0x0000000100000000)
  region size 1024K, 8 young (8192K), 8 survivors (8192K)
 Metaspace       used 35394K, committed 36608K, reserved 393216K
  class space    used 5004K, committed 5632K, reserved 327680K
}
Event: 26.809 GC heap before
{Heap before GC invocations=8 (full 0):
 garbage-first heap   total 262144K, used 187867K [0x00000000f0000000, 0x0000000100000000)
  region size 1024K, 153 young (156672K), 8 survivors (8192K)
 Metaspace       used 48719K, committed 50560K, reserved 393216K
  class space    used 6958K, committed 7872K, reserved 327680K
}
Event: 26.822 GC heap after
{Heap after GC invocations=9 (full 0):
 garbage-first heap   total 262144K, used 45173K [0x00000000f0000000, 0x0000000100000000)
  region size 1024K, 20 young (20480K), 20 survivors (20480K)
 Metaspace       used 48719K, committed 50560K, reserved 393216K
  class space    used 6958K, committed 7872K, reserved 327680K
}
Event: 724.983 GC heap before
{Heap before GC invocations=9 (full 0):
 garbage-first heap   total 262144K, used 180341K [0x00000000f0000000, 0x0000000100000000)
  region size 1024K, 153 young (156672K), 20 survivors (20480K)
 Metaspace       used 56199K, committed 58048K, reserved 393216K
  class space    used 8098K, committed 9024K, reserved 327680K
}
Event: 724.996 GC heap after
{Heap after GC invocations=10 (full 0):
 garbage-first heap   total 262144K, used 53025K [0x00000000f0000000, 0x0000000100000000)
  region size 1024K, 10 young (10240K), 10 survivors (10240K)
 Metaspace       used 56199K, committed 58048K, reserved 393216K
  class space    used 8098K, committed 9024K, reserved 327680K
}
Event: 7193.968 GC heap before
{Heap before GC invocations=10 (full 0):
 garbage-first heap   total 262144K, used 198433K [0x00000000f0000000, 0x0000000100000000)
  region size 1024K, 153 young (156672K), 10 survivors (10240K)
 Metaspace       used 59150K, committed 60992K, reserved 393216K
  class space    used 8554K, committed 9472K, reserved 327680K
}
Event: 7193.974 GC heap after
{Heap after GC invocations=11 (full 0):
 garbage-first heap   total 262144K, used 53769K [0x00000000f0000000, 0x0000000100000000)
  region size 1024K, 10 young (10240K), 10 survivors (10240K)
 Metaspace       used 59150K, committed 60992K, reserved 393216K
  class space    used 8554K, committed 9472K, reserved 327680K
}
Event: 7198.127 GC heap before
{Heap before GC invocations=11 (full 0):
 garbage-first heap   total 262144K, used 65033K [0x00000000f0000000, 0x0000000100000000)
  region size 1024K, 22 young (22528K), 10 survivors (10240K)
 Metaspace       used 59308K, committed 61120K, reserved 393216K
  class space    used 8566K, committed 9472K, reserved 327680K
}
Event: 7198.133 GC heap after
{Heap after GC invocations=12 (full 0):
 garbage-first heap   total 262144K, used 54023K [0x00000000f0000000, 0x0000000100000000)
  region size 1024K, 11 young (11264K), 11 survivors (11264K)
 Metaspace       used 59308K, committed 61120K, reserved 393216K
  class space    used 8566K, committed 9472K, reserved 327680K
}

