# JRE version: Java(TM) SE Runtime Environment (21.0.10+8) (build 21.0.10+8-LTS-217)
# Java VM: Java HotSpot(TM) 64-Bit Server VM (21.0.10+8-LTS-217, mixed mode, sharing, tiered, compressed oops, compressed class ptrs, g1 gc, windows-amd64)
GC Precious Log:
 CardTable entry size: 512
 Card Set container configuration: InlinePtr #cards 5 size 8 Array Of Cards #cards 12 size 40 Howl #buckets 4 coarsen threshold 1843 Howl Bitmap #cards 512 size 80 coarsen threshold 460 Card regions per heap region 1 cards per card region 2048
 CPUs: 32 total, 32 available
 Memory: 98182M
 Large Page Support: Disabled
 NUMA Support: Disabled
 Compressed Oops: Enabled (32-bit)
 Heap Region Size: 1M
 Heap Min Capacity: 256M
 Heap Initial Capacity: 256M
 Heap Max Capacity: 512M
 Pre-touch: Disabled
 Parallel Workers: 23
 Concurrent Workers: 6
 Concurrent Refinement Workers: 23
 Periodic GC: Disabled
Heap:
 garbage-first heap   total 302080K, used 196013K [0x00000000e0000000, 0x0000000100000000)
  region size 1024K, 37 young (37888K), 10 survivors (10240K)
 Metaspace       used 84819K, committed 86784K, reserved 458752K
  class space    used 11275K, committed 12224K, reserved 327680K
GC Heap History (20 events):
Event: 23.590 GC heap before
{Heap before GC invocations=10 (full 0):
 garbage-first heap   total 262144K, used 186171K [0x00000000e0000000, 0x0000000100000000)
  region size 1024K, 153 young (156672K), 19 survivors (19456K)
 Metaspace       used 70951K, committed 72832K, reserved 393216K
  class space    used 9794K, committed 10752K, reserved 327680K
}
Event: 23.602 GC heap after
{Heap after GC invocations=11 (full 0):
 garbage-first heap   total 262144K, used 59943K [0x00000000e0000000, 0x0000000100000000)
  region size 1024K, 20 young (20480K), 20 survivors (20480K)
 Metaspace       used 70951K, committed 72832K, reserved 393216K
  class space    used 9794K, committed 10752K, reserved 327680K
}
Event: 25.364 GC heap before
{Heap before GC invocations=11 (full 0):
 garbage-first heap   total 262144K, used 195111K [0x00000000e0000000, 0x0000000100000000)
  region size 1024K, 153 young (156672K), 20 survivors (20480K)
 Metaspace       used 72924K, committed 74816K, reserved 393216K
  class space    used 10112K, committed 11072K, reserved 327680K
}
Event: 25.376 GC heap after
{Heap after GC invocations=12 (full 0):
 garbage-first heap   total 262144K, used 66180K [0x00000000e0000000, 0x0000000100000000)
  region size 1024K, 16 young (16384K), 16 survivors (16384K)
 Metaspace       used 72924K, committed 74816K, reserved 393216K
  class space    used 10112K, committed 11072K, reserved 327680K
}
Event: 26.058 GC heap before
{Heap before GC invocations=12 (full 0):
 garbage-first heap   total 262144K, used 205444K [0x00000000e0000000, 0x0000000100000000)
  region size 1024K, 153 young (156672K), 16 survivors (16384K)
 Metaspace       used 73036K, committed 74944K, reserved 393216K
  class space    used 10114K, committed 11072K, reserved 327680K
}
Event: 26.067 GC heap after
{Heap after GC invocations=13 (full 0):
 garbage-first heap   total 262144K, used 71541K [0x00000000e0000000, 0x0000000100000000)
  region size 1024K, 12 young (12288K), 12 survivors (12288K)
 Metaspace       used 73036K, committed 74944K, reserved 393216K
  class space    used 10114K, committed 11072K, reserved 327680K
}
Event: 29.191 GC heap before
{Heap before GC invocations=13 (full 0):
 garbage-first heap   total 262144K, used 216949K [0x00000000e0000000, 0x0000000100000000)
  region size 1024K, 153 young (156672K), 12 survivors (12288K)
 Metaspace       used 80152K, committed 82112K, reserved 458752K
  class space    used 10934K, committed 11904K, reserved 327680K
}
Event: 29.202 GC heap after
{Heap after GC invocations=14 (full 0):
 garbage-first heap   total 262144K, used 86763K [0x00000000e0000000, 0x0000000100000000)
  region size 1024K, 20 young (20480K), 20 survivors (20480K)
 Metaspace       used 80152K, committed 82112K, reserved 458752K
  class space    used 10934K, committed 11904K, reserved 327680K
}
Event: 30.503 GC heap before
{Heap before GC invocations=14 (full 0):
 garbage-first heap   total 262144K, used 226027K [0x00000000e0000000, 0x0000000100000000)
  region size 1024K, 153 young (156672K), 20 survivors (20480K)
 Metaspace       used 80296K, committed 82176K, reserved 458752K
  class space    used 10940K, committed 11904K, reserved 327680K
}
Event: 30.523 GC heap after
{Heap after GC invocations=15 (full 0):
 garbage-first heap   total 280576K, used 119274K [0x00000000e0000000, 0x0000000100000000)
  region size 1024K, 20 young (20480K), 20 survivors (20480K)
 Metaspace       used 80296K, committed 82176K, reserved 458752K
  class space    used 10940K, committed 11904K, reserved 327680K
}
Event: 32.593 GC heap before
{Heap before GC invocations=15 (full 0):
 garbage-first heap   total 280576K, used 233962K [0x00000000e0000000, 0x0000000100000000)
  region size 1024K, 132 young (135168K), 20 survivors (20480K)
 Metaspace       used 81470K, committed 83328K, reserved 458752K
  class space    used 11034K, committed 11968K, reserved 327680K
}
Event: 32.625 GC heap after
{Heap after GC invocations=16 (full 0):
 garbage-first heap   total 283648K, used 147951K [0x00000000e0000000, 0x0000000100000000)
  region size 1024K, 17 young (17408K), 17 survivors (17408K)
 Metaspace       used 81470K, committed 83328K, reserved 458752K
  class space    used 11034K, committed 11968K, reserved 327680K
}
Event: 35.074 GC heap before
{Heap before GC invocations=16 (full 0):
 garbage-first heap   total 283648K, used 239087K [0x00000000e0000000, 0x0000000100000000)
  region size 1024K, 106 young (108544K), 17 survivors (17408K)
 Metaspace       used 83924K, committed 85888K, reserved 458752K
  class space    used 11255K, committed 12224K, reserved 327680K
}
Event: 35.091 GC heap after
{Heap after GC invocations=17 (full 0):
 garbage-first heap   total 283648K, used 160964K [0x00000000e0000000, 0x0000000100000000)
  region size 1024K, 11 young (11264K), 11 survivors (11264K)
 Metaspace       used 83924K, committed 85888K, reserved 458752K
  class space    used 11255K, committed 12224K, reserved 327680K
}
Event: 36.448 GC heap before
{Heap before GC invocations=18 (full 0):
 garbage-first heap   total 283648K, used 245956K [0x00000000e0000000, 0x0000000100000000)
  region size 1024K, 94 young (96256K), 11 survivors (11264K)
 Metaspace       used 84128K, committed 86144K, reserved 458752K
  class space    used 11239K, committed 12224K, reserved 327680K
}
Event: 36.464 GC heap after
{Heap after GC invocations=19 (full 0):
 garbage-first heap   total 283648K, used 163861K [0x00000000e0000000, 0x0000000100000000)
  region size 1024K, 3 young (3072K), 3 survivors (3072K)
 Metaspace       used 84128K, committed 86144K, reserved 458752K
  class space    used 11239K, committed 12224K, reserved 327680K
}
Event: 38.004 GC heap before
{Heap before GC invocations=19 (full 0):
 garbage-first heap   total 283648K, used 250901K [0x00000000e0000000, 0x0000000100000000)
  region size 1024K, 88 young (90112K), 3 survivors (3072K)
 Metaspace       used 84492K, committed 86528K, reserved 458752K
  class space    used 11244K, committed 12224K, reserved 327680K
}
Event: 38.010 GC heap after
{Heap after GC invocations=20 (full 0):
 garbage-first heap   total 283648K, used 164938K [0x00000000e0000000, 0x0000000100000000)
  region size 1024K, 5 young (5120K), 5 survivors (5120K)
 Metaspace       used 84492K, committed 86528K, reserved 458752K
  class space    used 11244K, committed 12224K, reserved 327680K
}
Event: 39.818 GC heap before
{Heap before GC invocations=20 (full 0):
 garbage-first heap   total 283648K, used 255050K [0x00000000e0000000, 0x0000000100000000)
  region size 1024K, 93 young (95232K), 5 survivors (5120K)
 Metaspace       used 84815K, committed 86784K, reserved 458752K
  class space    used 11275K, committed 12224K, reserved 327680K
}
Event: 39.826 GC heap after
{Heap after GC invocations=21 (full 0):
 garbage-first heap   total 283648K, used 169389K [0x00000000e0000000, 0x0000000100000000)
  region size 1024K, 10 young (10240K), 10 survivors (10240K)
 Metaspace       used 84815K, committed 86784K, reserved 458752K
  class space    used 11275K, committed 12224K, reserved 327680K
}

